Determining if the pthread_create exist failed with the following output:
Change Dir: /home/nvidia/ARES_ws/build/CMakeFiles/CMakeTmp

Run Build Command:"/usr/bin/make" "cmTC_873bb/fast"
/usr/bin/make -f CMakeFiles/cmTC_873bb.dir/build.make CMakeFiles/cmTC_873bb.dir/build
make[1]: Entering directory '/home/nvidia/ARES_ws/build/CMakeFiles/CMakeTmp'
Building C object CMakeFiles/cmTC_873bb.dir/CheckSymbolExists.c.o
/usr/bin/cc     -o CMakeFiles/cmTC_873bb.dir/CheckSymbolExists.c.o   -c /home/nvidia/ARES_ws/build/CMakeFiles/CMakeTmp/CheckSymbolExists.c
Linking C executable cmTC_873bb
/usr/bin/cmake -E cmake_link_script CMakeFiles/cmTC_873bb.dir/link.txt --verbose=1
/usr/bin/cc       CMakeFiles/cmTC_873bb.dir/CheckSymbolExists.c.o  -o cmTC_873bb -rdynamic 
CMakeFiles/cmTC_873bb.dir/CheckSymbolExists.c.o: In function `main':
CheckSymbolExists.c:(.text+0x14): undefined reference to `pthread_create'
CheckSymbolExists.c:(.text+0x18): undefined reference to `pthread_create'
collect2: error: ld returned 1 exit status
CMakeFiles/cmTC_873bb.dir/build.make:97: recipe for target 'cmTC_873bb' failed
make[1]: *** [cmTC_873bb] Error 1
make[1]: Leaving directory '/home/nvidia/ARES_ws/build/CMakeFiles/CMakeTmp'
Makefile:126: recipe for target 'cmTC_873bb/fast' failed
make: *** [cmTC_873bb/fast] Error 2

File /home/nvidia/ARES_ws/build/CMakeFiles/CMakeTmp/CheckSymbolExists.c:
/* */
#include <pthread.h>

int main(int argc, char** argv)
{
  (void)argv;
#ifndef pthread_create
  return ((int*)(&pthread_create))[argc];
#else
  (void)argc;
  return 0;
#endif
}

Determining if the function pthread_create exists in the pthreads failed with the following output:
Change Dir: /home/nvidia/ARES_ws/build/CMakeFiles/CMakeTmp

Run Build Command:"/usr/bin/make" "cmTC_40180/fast"
/usr/bin/make -f CMakeFiles/cmTC_40180.dir/build.make CMakeFiles/cmTC_40180.dir/build
make[1]: Entering directory '/home/nvidia/ARES_ws/build/CMakeFiles/CMakeTmp'
Building C object CMakeFiles/cmTC_40180.dir/CheckFunctionExists.c.o
/usr/bin/cc    -DCHECK_FUNCTION_EXISTS=pthread_create   -o CMakeFiles/cmTC_40180.dir/CheckFunctionExists.c.o   -c /usr/share/cmake-3.5/Modules/CheckFunctionExists.c
Linking C executable cmTC_40180
/usr/bin/cmake -E cmake_link_script CMakeFiles/cmTC_40180.dir/link.txt --verbose=1
/usr/bin/cc   -DCHECK_FUNCTION_EXISTS=pthread_create    CMakeFiles/cmTC_40180.dir/CheckFunctionExists.c.o  -o cmTC_40180 -rdynamic -lpthreads 
/usr/bin/ld: cannot find -lpthreads
collect2: error: ld returned 1 exit status
CMakeFiles/cmTC_40180.dir/build.make:97: recipe for target 'cmTC_40180' failed
make[1]: *** [cmTC_40180] Error 1
make[1]: Leaving directory '/home/nvidia/ARES_ws/build/CMakeFiles/CMakeTmp'
Makefile:126: recipe for target 'cmTC_40180/fast' failed
make: *** [cmTC_40180/fast] Error 2


