Determining if the pthread_create exist failed with the following output:
Change Dir: /home/derek/test_ws/src/data_logger/cmake-build-debug/CMakeFiles/CMakeTmp

Run Build Command:"/usr/bin/make" "cmTC_1825d/fast"
/usr/bin/make -f CMakeFiles/cmTC_1825d.dir/build.make CMakeFiles/cmTC_1825d.dir/build
make[1]: Entering directory '/home/derek/test_ws/src/data_logger/cmake-build-debug/CMakeFiles/CMakeTmp'
Building C object CMakeFiles/cmTC_1825d.dir/CheckSymbolExists.c.o
/usr/bin/cc    -o CMakeFiles/cmTC_1825d.dir/CheckSymbolExists.c.o   -c /home/derek/test_ws/src/data_logger/cmake-build-debug/CMakeFiles/CMakeTmp/CheckSymbolExists.c
Linking C executable cmTC_1825d
/home/derek/Desktop/clion-2018.1.3/bin/cmake/bin/cmake -E cmake_link_script CMakeFiles/cmTC_1825d.dir/link.txt --verbose=1
/usr/bin/cc      -rdynamic CMakeFiles/cmTC_1825d.dir/CheckSymbolExists.c.o  -o cmTC_1825d 
CMakeFiles/cmTC_1825d.dir/CheckSymbolExists.c.o: In function `main':
CheckSymbolExists.c:(.text+0x16): undefined reference to `pthread_create'
collect2: error: ld returned 1 exit status
CMakeFiles/cmTC_1825d.dir/build.make:97: recipe for target 'cmTC_1825d' failed
make[1]: *** [cmTC_1825d] Error 1
make[1]: Leaving directory '/home/derek/test_ws/src/data_logger/cmake-build-debug/CMakeFiles/CMakeTmp'
Makefile:126: recipe for target 'cmTC_1825d/fast' failed
make: *** [cmTC_1825d/fast] Error 2

File /home/derek/test_ws/src/data_logger/cmake-build-debug/CMakeFiles/CMakeTmp/CheckSymbolExists.c:
/* */
#include <pthread.h>

int main(int argc, char** argv)
{
  (void)argv;
#ifndef pthread_create
  return ((int*)(&pthread_create))[argc];
#else
  (void)argc;
  return 0;
#endif
}

Determining if the function pthread_create exists in the pthreads failed with the following output:
Change Dir: /home/derek/test_ws/src/data_logger/cmake-build-debug/CMakeFiles/CMakeTmp

Run Build Command:"/usr/bin/make" "cmTC_35d76/fast"
/usr/bin/make -f CMakeFiles/cmTC_35d76.dir/build.make CMakeFiles/cmTC_35d76.dir/build
make[1]: Entering directory '/home/derek/test_ws/src/data_logger/cmake-build-debug/CMakeFiles/CMakeTmp'
Building C object CMakeFiles/cmTC_35d76.dir/CheckFunctionExists.c.o
/usr/bin/cc   -DCHECK_FUNCTION_EXISTS=pthread_create   -o CMakeFiles/cmTC_35d76.dir/CheckFunctionExists.c.o   -c /home/derek/Desktop/clion-2018.1.3/bin/cmake/share/cmake-3.10/Modules/CheckFunctionExists.c
Linking C executable cmTC_35d76
/home/derek/Desktop/clion-2018.1.3/bin/cmake/bin/cmake -E cmake_link_script CMakeFiles/cmTC_35d76.dir/link.txt --verbose=1
/usr/bin/cc  -DCHECK_FUNCTION_EXISTS=pthread_create    -rdynamic CMakeFiles/cmTC_35d76.dir/CheckFunctionExists.c.o  -o cmTC_35d76 -lpthreads 
/usr/bin/ld: cannot find -lpthreads
collect2: error: ld returned 1 exit status
CMakeFiles/cmTC_35d76.dir/build.make:97: recipe for target 'cmTC_35d76' failed
make[1]: *** [cmTC_35d76] Error 1
make[1]: Leaving directory '/home/derek/test_ws/src/data_logger/cmake-build-debug/CMakeFiles/CMakeTmp'
Makefile:126: recipe for target 'cmTC_35d76/fast' failed
make: *** [cmTC_35d76/fast] Error 2


